09:21:49.234 [main] INFO  GoPadelTest.GoPadelTest - Verifying successful login.
09:21:49.261 [main] INFO  GoPadelPages.GoPadelLoginPage - Logging with username - admin  and password - Admin@12345
11:09:17.010 [main] INFO  GoPadelTest.GoPadelTest - Verifying successful login.
11:09:17.038 [main] INFO  GoPadelPages.GoPadelLoginPage - Logging with username - admin  and password - Admin@12345
11:09:53.481 [main] INFO  GoPadelTest.GoPadelTest - Verifying successful login.
11:09:53.521 [main] INFO  GoPadelPages.GoPadelLoginPage - Logging with username - admin  and password - Admin@12345
12:43:13.373 [main] INFO  GoPadelTest.GoPadelTest - Verifying successful login.
12:43:13.419 [main] INFO  GoPadelPages.GoPadelLoginPage - Logging with username - admin  and password - Admin@12345
12:44:13.837 [main] INFO  GoPadelTest.GoPadelTest - Verifying successful login.
12:44:13.863 [main] INFO  GoPadelPages.GoPadelLoginPage - Logging with username - admin  and password - Admin@12345
12:44:34.820 [main] INFO  GoPadelTest.GoPadelTest - Verifying successful login.
12:44:34.857 [main] INFO  GoPadelPages.GoPadelLoginPage - Logging with username - admin  and password - Admin@12345
12:46:43.994 [main] INFO  GoPadelTest.GoPadelTest - Verifying successful login.
12:46:44.025 [main] INFO  GoPadelPages.GoPadelLoginPage - Logging with username - admin  and password - Admin@12345
12:47:05.707 [main] INFO  GoPadelTest.GoPadelTest - Verifying successful login.
12:47:05.743 [main] INFO  GoPadelPages.GoPadelLoginPage - Logging with username - admin  and password - Admin@12345
12:48:24.187 [main] INFO  GoPadelTest.GoPadelTest - Verifying successful login.
12:48:24.211 [main] INFO  GoPadelPages.GoPadelLoginPage - Logging with username - admin  and password - Admin@12345
12:50:48.082 [main] INFO  GoPadelTest.GoPadelTest - Verifying successful login.
12:50:48.111 [main] INFO  GoPadelPages.GoPadelLoginPage - Logging with username - admin  and password - Admin@12345
12:51:10.318 [main] INFO  GoPadelTest.GoPadelTest - Verifying successful login.
12:51:10.353 [main] INFO  GoPadelPages.GoPadelLoginPage - Logging with username - admin  and password - Admin@12345
12:51:27.520 [main] INFO  GoPadelTest.GoPadelTest - Verifying successful login.
12:51:27.547 [main] INFO  GoPadelPages.GoPadelLoginPage - Logging with username - admin  and password - Admin@12345
11:17:15.172 [main] INFO  GoPadelTest.GoPadelTest - Verifying successful login.
11:17:15.199 [main] INFO  GoPadelPages.GoPadelLoginPage - Logging with username - vt@testvox.com  and password - vt@testvox.com
11:21:44.006 [main] INFO  GoPadelTest.GoPadelTest - Verifying successful login.
11:21:44.042 [main] INFO  GoPadelPages.GoPadelLoginPage - Logging with username - vt@testvox.com  and password - vt@testvox.com
11:50:47.153 [main] INFO  GoPadelTest.GoPadelTest - Verifying successful login.
11:50:47.174 [main] INFO  GoPadelPages.GoPadelLoginPage - Logging with username - vt@testvox.com  and password - vt@testvox.com
11:52:43.936 [main] INFO  GoPadelTest.GoPadelTest - Verifying successful login.
11:52:43.950 [main] INFO  GoPadelPages.GoPadelLoginPage - Logging with username - vt@testvox.com  and password - vt@testvox.com
09:09:58.745 [main] INFO  GoPadelTest.GoPadelTest - Verifying successful login.
09:09:58.768 [main] INFO  GoPadelPages.GoPadelLoginPage - Logging with username - vt@testvox.com  and password - vt@testvox.com
14:28:27.543 [main] INFO  GoPadelTest.GoPadelTest - Verifying successful login.
14:28:28.537 [main] INFO  GoPadelPages.GoPadelLoginPage - Logging with username - admin  and password - Admin@12345
14:30:59.231 [main] INFO  GoPadelTest.GoPadelTest - Verifying successful login.
14:30:59.265 [main] INFO  GoPadelPages.GoPadelLoginPage - Logging with username - admin  and password - Admin@12345
14:32:47.563 [main] INFO  GoPadelTest.GoPadelTest - Verifying successful login.
14:32:47.613 [main] INFO  GoPadelPages.GoPadelLoginPage - Logging with username - admin  and password - Admin@12345
14:59:17.209 [main] INFO  GoPadelTest.GoPadelTest - Verifying successful login.
14:59:17.314 [main] INFO  GoPadelPages.GoPadelLoginPage - Logging with username - admin  and password - Admin@12345
15:04:42.201 [main] INFO  GoPadelTest.GoPadelTest - Verifying successful login.
15:04:42.227 [main] INFO  GoPadelPages.GoPadelLoginPage - Logging with username - admin  and password - Admin@12345
15:07:10.574 [main] INFO  GoPadelTest.GoPadelTest - Verifying successful login.
15:07:10.624 [main] INFO  GoPadelPages.GoPadelLoginPage - Logging with username - admin  and password - Admin@12345
15:09:06.012 [main] INFO  GoPadelTest.GoPadelTest - Verifying successful login.
15:09:06.055 [main] INFO  GoPadelPages.GoPadelLoginPage - Logging with username - admin  and password - Admin@12345
15:11:41.501 [main] INFO  GoPadelTest.GoPadelTest - Verifying successful login.
15:11:41.540 [main] INFO  GoPadelPages.GoPadelLoginPage - Logging with username - admin  and password - Admin@12345
15:16:04.306 [main] INFO  GoPadelTest.GoPadelTest - Verifying successful login.
15:16:04.853 [main] INFO  GoPadelPages.GoPadelLoginPage - Logging with username - admin  and password - Admin@12345
15:23:56.540 [main] INFO  GoPadelTest.GoPadelTest - Verifying successful login.
15:23:56.602 [main] INFO  GoPadelPages.GoPadelLoginPage - Logging with username - admin  and password - Admin@12345
15:26:35.020 [main] INFO  GoPadelTest.GoPadelTest - Verifying successful login.
15:26:35.051 [main] INFO  GoPadelPages.GoPadelLoginPage - Logging with username - admin  and password - Admin@12345
15:28:11.410 [main] INFO  GoPadelTest.GoPadelTest - Verifying successful login.
15:28:11.460 [main] INFO  GoPadelPages.GoPadelLoginPage - Logging with username - admin  and password - Admin@12345
15:58:04.644 [main] INFO  GoPadelTest.GoPadelTest - Verifying successful login.
15:58:04.735 [main] INFO  GoPadelPages.GoPadelLoginPage - Logging with username - admin  and password - Admin@12345
16:14:11.728 [main] INFO  GoPadelTest.GoPadelTest - Verifying successful login.
16:14:11.971 [main] INFO  GoPadelPages.GoPadelLoginPage - Logging with username - admin  and password - Admin@12345
16:15:59.121 [main] INFO  GoPadelTest.GoPadelTest - Verifying successful login.
16:15:59.258 [main] INFO  GoPadelPages.GoPadelLoginPage - Logging with username - admin  and password - Admin@12345
10:33:51.781 [main] INFO  GoPadelTest.GoPadelTest - Verifying successful login.
10:33:51.780 [main] INFO  GoPadelTest.GoPadelTest - Verifying successful login.
10:33:52.107 [main] INFO  GoPadelPages.GoPadelLoginPage - Logging with username - admin  and password - Admin@12345
10:33:52.109 [main] INFO  GoPadelPages.GoPadelLoginPage - Logging with username - admin  and password - Admin@12345
12:17:16.673 [main] INFO  GoPadelTest.GoPadelTest - Verifying successful login.
12:17:16.835 [main] INFO  GoPadelPages.GoPadelLoginPage - Logging with username - admin  and password - Admin@12345
14:32:08.052 [main] INFO  GoPadelTest.GoPadelTest - Verifying successful login.
14:32:08.182 [main] INFO  GoPadelPages.GoPadelLoginPage - Logging with username - admin  and password - Admin@12345
16:38:57.286 [main] INFO  GoPadelTest.GoPadelTest - Verifying successful login.
16:38:57.685 [main] INFO  GoPadelPages.GoPadelLoginPage - Logging with username - admin  and password - Admin@12345
11:52:57.357 [main] INFO  GoPadelTest.GoPadelTest - Verifying successful login.
11:52:58.295 [main] INFO  GoPadelPages.GoPadelLoginPage - Logging with username - admin  and password - Admin@12345
12:06:05.392 [main] INFO  GoPadelTest.GoPadelTest - Verifying successful login.
12:06:05.425 [main] INFO  GoPadelPages.GoPadelLoginPage - Logging with username - admin  and password - Admin@12345
12:09:54.232 [main] INFO  GoPadelTest.GoPadelTest - Verifying successful login.
12:09:54.275 [main] INFO  GoPadelPages.GoPadelLoginPage - Logging with username - admin  and password - Admin@12345
12:15:12.898 [main] INFO  GoPadelTest.GoPadelTest - Verifying successful login.
12:15:12.939 [main] INFO  GoPadelPages.GoPadelLoginPage - Logging with username - admin  and password - Admin@12345
12:21:56.577 [main] INFO  GoPadelTest.GoPadelTest - Verifying successful login.
12:21:56.617 [main] INFO  GoPadelPages.GoPadelLoginPage - Logging with username - admin  and password - Admin@12345
15:18:09.726 [main] INFO  GoPadelTest.GoPadelTest - Verifying successful login.
15:18:09.940 [main] INFO  GoPadelPages.GoPadelLoginPage - Logging with username - admin  and password - Admin@12345
15:20:04.636 [main] INFO  GoPadelTest.GoPadelTest - Verifying successful login.
15:20:04.662 [main] INFO  GoPadelPages.GoPadelLoginPage - Logging with username - admin  and password - Admin@12345
15:21:05.830 [main] INFO  GoPadelTest.GoPadelTest - Verifying successful login.
15:21:05.863 [main] INFO  GoPadelPages.GoPadelLoginPage - Logging with username - admin  and password - Admin@12345
15:23:01.383 [main] INFO  GoPadelTest.GoPadelTest - Verifying successful login.
15:23:01.433 [main] INFO  GoPadelPages.GoPadelLoginPage - Logging with username - admin  and password - Admin@12345
15:33:00.883 [main] INFO  GoPadelTest.GoPadelTest - Verifying successful login.
15:33:00.909 [main] INFO  GoPadelPages.GoPadelLoginPage - Logging with username - admin  and password - Admin@12345
14:47:07.651 [main] INFO  GoPadelTest.GoPadelTest - Verifying successful login.
14:47:07.774 [main] INFO  GoPadelPages.GoPadelLoginPage - Logging with username - admin  and password - Admin@12345
00:30:21.845 [main] INFO  GoPadelTest.GoPadelTest - Verifying successful login.
00:30:21.888 [main] INFO  GoPadelPages.GoPadelLoginPage - Logging with username - admin  and password - Admin@12345
01:48:22.700 [main] INFO  GoPadelTest.GoPadelTest - Verifying successful login.
01:48:22.739 [main] INFO  GoPadelPages.GoPadelLoginPage - Logging with username - admin  and password - Admin@12345
02:17:16.871 [main] INFO  GoPadelTest.GoPadelTest - Verifying successful login.
02:17:16.944 [main] INFO  GoPadelPages.GoPadelLoginPage - Logging with username - admin  and password - Admin@12345
02:23:29.427 [main] INFO  GoPadelTest.GoPadelTest - Verifying successful login.
02:23:29.461 [main] INFO  GoPadelPages.GoPadelLoginPage - Logging with username - admin  and password - Admin@12345
02:23:58.541 [main] INFO  GoPadelTest.GoPadelTest - Verifying successful login.
02:23:58.584 [main] INFO  GoPadelPages.GoPadelLoginPage - Logging with username - admin  and password - Admin@12345
02:34:31.330 [main] INFO  GoPadelTest.GoPadelTest - Verifying successful login.
02:34:31.370 [main] INFO  GoPadelPages.GoPadelLoginPage - Logging with username - admin  and password - Admin@12345
02:58:39.587 [main] INFO  GoPadelTest.GoPadelTest - Verifying successful login.
02:58:39.677 [main] INFO  GoPadelPages.GoPadelLoginPage - Logging with username - admin  and password - Admin@12345
03:17:07.487 [main] INFO  GoPadelTest.GoPadelTest - Verifying successful login.
03:17:07.512 [main] INFO  GoPadelPages.GoPadelLoginPage - Logging with username - admin  and password - Admin@12345
03:21:40.396 [main] INFO  GoPadelTest.GoPadelTest - Verifying successful login.
03:21:40.432 [main] INFO  GoPadelPages.GoPadelLoginPage - Logging with username - admin  and password - Admin@12345
03:49:52.318 [main] INFO  GoPadelTest.GoPadelTest - Verifying successful login.
03:49:52.397 [main] INFO  GoPadelPages.GoPadelLoginPage - Logging with username - admin  and password - Admin@12345
03:55:59.194 [main] INFO  GoPadelTest.GoPadelTest - Verifying successful login.
03:55:59.249 [main] INFO  GoPadelPages.GoPadelLoginPage - Logging with username - admin  and password - Admin@12345
23:16:58.709 [main] INFO  GoPadelTest.GoPadelTest - Verifying successful login.
23:16:58.756 [main] INFO  GoPadelPages.GoPadelLoginPage - Logging with username - admin  and password - Admin@12345
15:09:30.568 [main] INFO  GoPadelTest.GoPadelTest - Verifying successful login.
15:09:30.612 [main] INFO  GoPadelPages.GoPadelLoginPage - Logging with username - admin  and password - Admin@12345
15:17:16.319 [main] INFO  GoPadelTest.GoPadelTest - Verifying successful login.
15:17:16.375 [main] INFO  GoPadelPages.GoPadelLoginPage - Logging with username - admin  and password - Admin@12345
15:23:00.299 [main] INFO  GoPadelTest.GoPadelTest - Verifying successful login.
15:23:00.352 [main] INFO  GoPadelPages.GoPadelLoginPage - Logging with username - admin  and password - Admin@12345
03:12:06.818 [main] INFO  GoPadelTest.GoPadelTest - Verifying successful login.
03:12:06.885 [main] INFO  GoPadelPages.GoPadelLoginPage - Logging with username - admin  and password - Admin@12345
03:14:47.370 [main] INFO  GoPadelTest.GoPadelTest - Verifying successful login.
03:14:47.453 [main] INFO  GoPadelPages.GoPadelLoginPage - Logging with username - admin  and password - Admin@12345
03:45:21.050 [main] INFO  GoPadelTest.GoPadelTest - Verifying successful login.
03:45:21.172 [main] INFO  GoPadelPages.GoPadelLoginPage - Logging with username - admin  and password - Admin@12345
04:06:24.158 [main] INFO  GoPadelTest.GoPadelTest - Verifying successful login.
04:06:24.212 [main] INFO  GoPadelPages.GoPadelLoginPage - Logging with username - admin  and password - Admin@12345
04:27:20.953 [main] INFO  GoPadelTest.GoPadelTest - Verifying successful login.
04:27:21.029 [main] INFO  GoPadelPages.GoPadelLoginPage - Logging with username - admin  and password - Admin@12345
20:58:10.950 [main] INFO  GoPadelTest.GoPadelTest - Verifying successful login.
20:58:11.012 [main] INFO  GoPadelPages.GoPadelLoginPage - Logging with username - admin  and password - Admin@12345
21:07:08.217 [main] INFO  GoPadelTest.GoPadelTest - Verifying successful login.
21:07:08.276 [main] INFO  GoPadelPages.GoPadelLoginPage - Logging with username - admin  and password - Admin@12345
21:08:08.799 [main] INFO  GoPadelTest.GoPadelTest - Verifying successful login.
21:08:08.860 [main] INFO  GoPadelPages.GoPadelLoginPage - Logging with username - admin  and password - Admin@12345
10:41:29.645 [main] INFO  GoPadelTest.GoPadelTest - Verifying successful login.
10:41:29.685 [main] INFO  GoPadelPages.GoPadelLoginPage - Logging with username - admin  and password - Admin@12345
10:50:49.068 [main] INFO  GoPadelTest.GoPadelTest - Verifying successful login.
10:50:49.140 [main] INFO  GoPadelPages.GoPadelLoginPage - Logging with username - admin  and password - Admin@12345
10:55:28.825 [main] INFO  GoPadelTest.GoPadelTest - Verifying successful login.
10:55:28.870 [main] INFO  GoPadelPages.GoPadelLoginPage - Logging with username - admin  and password - Admin@12345
10:55:30.826 [main] INFO  GoPadelTest.GoPadelTest - Verifying successful login.
10:55:30.894 [main] INFO  GoPadelPages.GoPadelLoginPage - Logging with username - admin  and password - Admin@12345
10:58:39.585 [main] INFO  GoPadelTest.GoPadelTest - Verifying successful login.
10:58:39.637 [main] INFO  GoPadelPages.GoPadelLoginPage - Logging with username - admin  and password - Admin@12345
11:08:23.015 [main] INFO  GoPadelTest.GoPadelTest - Verifying successful login.
11:08:23.076 [main] INFO  GoPadelPages.GoPadelLoginPage - Logging with username - admin  and password - Admin@12345
11:21:44.078 [main] INFO  GoPadelTest.GoPadelTest - Verifying successful login.
11:21:44.142 [main] INFO  GoPadelPages.GoPadelLoginPage - Logging with username - admin  and password - Admin@12345
11:51:07.473 [main] INFO  GoPadelTest.GoPadelTest - Verifying successful login.
11:51:07.583 [main] INFO  GoPadelPages.GoPadelLoginPage - Logging with username - admin  and password - Admin@12345
11:53:02.681 [main] INFO  GoPadelTest.GoPadelTest - Verifying successful login.
11:53:02.800 [main] INFO  GoPadelPages.GoPadelLoginPage - Logging with username - admin  and password - Admin@12345
11:57:16.517 [main] INFO  GoPadelTest.GoPadelTest - Verifying successful login.
11:57:16.581 [main] INFO  GoPadelPages.GoPadelLoginPage - Logging with username - admin  and password - Admin@12345
12:02:08.622 [main] INFO  GoPadelTest.GoPadelTest - Verifying successful login.
12:02:08.681 [main] INFO  GoPadelPages.GoPadelLoginPage - Logging with username - admin  and password - Admin@12345
12:03:03.078 [main] INFO  GoPadelTest.GoPadelTest - Verifying successful login.
12:03:03.152 [main] INFO  GoPadelPages.GoPadelLoginPage - Logging with username - admin  and password - Admin@12345
12:05:23.280 [main] INFO  GoPadelTest.GoPadelTest - Verifying successful login.
12:05:23.311 [main] INFO  GoPadelPages.GoPadelLoginPage - Logging with username - admin  and password - Admin@12345
12:07:42.624 [main] INFO  GoPadelTest.GoPadelTest - Verifying successful login.
12:07:42.665 [main] INFO  GoPadelPages.GoPadelLoginPage - Logging with username - admin  and password - Admin@12345
12:13:35.858 [main] INFO  GoPadelTest.GoPadelTest - Verifying successful login.
12:13:35.917 [main] INFO  GoPadelPages.GoPadelLoginPage - Logging with username - admin  and password - Admin@12345
12:15:34.868 [main] INFO  GoPadelTest.GoPadelTest - Verifying successful login.
12:15:34.912 [main] INFO  GoPadelPages.GoPadelLoginPage - Logging with username - admin  and password - Admin@12345
15:00:07.797 [main] INFO  GoPadelTest.GoPadelTest - Verifying successful login.
15:00:07.852 [main] INFO  GoPadelPages.GoPadelLoginPage - Logging with username - admin  and password - Admin@12345
15:06:31.497 [main] INFO  GoPadelTest.GoPadelTest - Verifying successful login.
15:06:31.550 [main] INFO  GoPadelPages.GoPadelLoginPage - Logging with username - admin  and password - Admin@12345
15:08:41.489 [main] INFO  GoPadelTest.GoPadelTest - Verifying successful login.
15:08:41.535 [main] INFO  GoPadelPages.GoPadelLoginPage - Logging with username - admin  and password - Admin@12345
15:10:16.236 [main] INFO  GoPadelTest.GoPadelTest - Verifying successful login.
15:10:16.298 [main] INFO  GoPadelPages.GoPadelLoginPage - Logging with username - admin  and password - Admin@12345
15:34:52.373 [main] INFO  GoPadelTest.GoPadelTest - Verifying successful login.
15:34:52.432 [main] INFO  GoPadelPages.GoPadelLoginPage - Logging with username - admin  and password - Admin@12345
15:37:50.590 [main] INFO  GoPadelTest.GoPadelTest - Verifying successful login.
15:37:50.646 [main] INFO  GoPadelPages.GoPadelLoginPage - Logging with username - admin  and password - Admin@12345
15:38:58.227 [main] INFO  GoPadelTest.GoPadelTest - Verifying successful login.
15:38:58.297 [main] INFO  GoPadelPages.GoPadelLoginPage - Logging with username - admin  and password - Admin@12345
15:49:31.054 [main] INFO  GoPadelTest.GoPadelTest - Verifying successful login.
15:49:31.101 [main] INFO  GoPadelPages.GoPadelLoginPage - Logging with username - admin  and password - Admin@12345
15:58:02.872 [main] INFO  GoPadelTest.GoPadelTest - Verifying successful login.
15:58:02.921 [main] INFO  GoPadelPages.GoPadelLoginPage - Logging with username - admin  and password - Admin@12345
16:10:43.906 [main] INFO  GoPadelTest.GoPadelTest - Verifying successful login.
16:10:43.958 [main] INFO  GoPadelPages.GoPadelLoginPage - Logging with username - admin  and password - Admin@12345
16:13:18.113 [main] INFO  GoPadelTest.GoPadelTest - Verifying successful login.
16:13:18.207 [main] INFO  GoPadelPages.GoPadelLoginPage - Logging with username - admin  and password - Admin@12345
16:15:08.165 [main] INFO  GoPadelTest.GoPadelTest - Verifying successful login.
16:15:08.245 [main] INFO  GoPadelPages.GoPadelLoginPage - Logging with username - admin  and password - Admin@12345
16:19:46.587 [main] INFO  GoPadelTest.GoPadelTest - Verifying successful login.
16:19:46.637 [main] INFO  GoPadelPages.GoPadelLoginPage - Logging with username - admin  and password - Admin@12345
16:25:04.217 [main] INFO  GoPadelTest.GoPadelTest - Verifying successful login.
16:25:04.281 [main] INFO  GoPadelPages.GoPadelLoginPage - Logging with username - admin  and password - Admin@12345
16:28:12.673 [main] INFO  GoPadelTest.GoPadelTest - Verifying successful login.
16:28:12.747 [main] INFO  GoPadelPages.GoPadelLoginPage - Logging with username - admin  and password - Admin@12345
16:52:50.666 [main] INFO  GoPadelTest.GoPadelTest - Verifying successful login.
16:52:50.711 [main] INFO  GoPadelPages.GoPadelLoginPage - Logging with username - admin  and password - Admin@12345
17:40:59.692 [main] INFO  GoPadelTest.GoPadelTest - Verifying successful login.
17:40:59.749 [main] INFO  GoPadelPages.GoPadelLoginPage - Logging with username - admin  and password - Admin@12345
17:41:30.899 [main] INFO  GoPadelTest.GoPadelTest - Verifying successful login.
17:41:30.937 [main] INFO  GoPadelPages.GoPadelLoginPage - Logging with username - admin  and password - Admin@12345
17:42:25.114 [main] INFO  GoPadelTest.GoPadelTest - Verifying successful login.
17:42:25.147 [main] INFO  GoPadelPages.GoPadelLoginPage - Logging with username - admin  and password - Admin@12345
17:43:17.716 [main] INFO  GoPadelTest.GoPadelTest - Verifying successful login.
17:43:17.758 [main] INFO  GoPadelPages.GoPadelLoginPage - Logging with username - admin  and password - Admin@12345
09:45:16.798 [main] INFO  GoPadelTest.GoPadelTest - Verifying successful login.
09:45:16.888 [main] INFO  GoPadelPages.GoPadelLoginPage - Logging with username - admin  and password - Admin@12345
09:46:33.678 [main] INFO  GoPadelTest.GoPadelTest - Verifying successful login.
09:46:33.754 [main] INFO  GoPadelPages.GoPadelLoginPage - Logging with username - admin  and password - Admin@12345
09:48:17.692 [main] INFO  GoPadelTest.GoPadelTest - Verifying successful login.
09:48:17.728 [main] INFO  GoPadelPages.GoPadelLoginPage - Logging with username - admin  and password - Admin@12345
10:10:17.418 [main] INFO  GoPadelTest.GoPadelTest - Verifying successful login.
10:10:17.492 [main] INFO  GoPadelPages.GoPadelLoginPage - Logging with username - admin  and password - Admin@12345
11:27:08.693 [main] INFO  GoPadelTest.GoPadelTest - Verifying successful login.
11:27:08.748 [main] INFO  GoPadelPages.GoPadelLoginPage - Logging with username - admin  and password - Admin@12345
11:36:23.640 [main] INFO  GoPadelTest.GoPadelTest - Verifying successful login.
11:36:23.689 [main] INFO  GoPadelPages.GoPadelLoginPage - Logging with username - admin  and password - Admin@12345
11:40:08.185 [main] INFO  GoPadelTest.GoPadelTest - Verifying successful login.
11:40:08.263 [main] INFO  GoPadelPages.GoPadelLoginPage - Logging with username - admin  and password - Admin@12345
11:40:37.436 [main] INFO  GoPadelTest.GoPadelTest - Verifying successful login.
11:40:37.504 [main] INFO  GoPadelPages.GoPadelLoginPage - Logging with username - admin  and password - Admin@12345
11:42:43.078 [main] INFO  GoPadelTest.GoPadelTest - Verifying successful login.
11:42:43.190 [main] INFO  GoPadelPages.GoPadelLoginPage - Logging with username - admin  and password - Admin@12345
16:02:51.627 [main] INFO  GoPadelTest.GoPadelTest - Verifying successful login.
16:02:51.723 [main] INFO  GoPadelPages.GoPadelLoginPage - Logging with username - admin  and password - Admin@12345
18:10:16.453 [main] INFO  GoPadelTest.GoPadelTest - Verifying successful login.
18:10:16.511 [main] INFO  GoPadelPages.GoPadelLoginPage - Logging with username - admin  and password - Admin@12345
09:07:20.534 [main] INFO  GoPadelTest.GoPadelTest - Verifying successful login.
09:07:20.601 [main] INFO  GoPadelPages.GoPadelLoginPage - Logging with username - admin  and password - Admin@12345
09:08:15.533 [main] INFO  GoPadelTest.GoPadelTest - Verifying successful login.
09:08:15.592 [main] INFO  GoPadelPages.GoPadelLoginPage - Logging with username - admin  and password - Admin@12345
09:51:50.450 [main] INFO  GoPadelTest.GoPadelTest - Verifying successful login.
09:51:50.492 [main] INFO  GoPadelPages.GoPadelLoginPage - Logging with username - admin  and password - Admin@12345
09:54:10.477 [main] INFO  GoPadelTest.GoPadelTest - Verifying successful login.
09:54:10.530 [main] INFO  GoPadelPages.GoPadelLoginPage - Logging with username - admin  and password - Admin@12345
09:54:44.514 [main] INFO  GoPadelTest.GoPadelTest - Verifying successful login.
09:54:44.667 [main] INFO  GoPadelPages.GoPadelLoginPage - Logging with username - admin  and password - Admin@12345
10:06:00.874 [main] INFO  GoPadelTest.GoPadelTest - Verifying successful login.
10:06:00.911 [main] INFO  GoPadelPages.GoPadelLoginPage - Logging with username - admin  and password - Admin@12345
10:09:53.798 [main] INFO  GoPadelTest.GoPadelTest - Verifying successful login.
10:09:53.840 [main] INFO  GoPadelPages.GoPadelLoginPage - Logging with username - admin  and password - Admin@12345
10:15:04.894 [main] INFO  GoPadelTest.GoPadelTest - Verifying successful login.
10:15:04.959 [main] INFO  GoPadelPages.GoPadelLoginPage - Logging with username - admin  and password - Admin@12345
10:20:49.919 [main] INFO  GoPadelTest.GoPadelTest - Verifying successful login.
10:20:49.956 [main] INFO  GoPadelPages.GoPadelLoginPage - Logging with username - admin  and password - Admin@12345
11:23:25.191 [main] INFO  GoPadelTest.GoPadelTest - Verifying successful login.
11:23:25.262 [main] INFO  GoPadelPages.GoPadelLoginPage - Logging with username - admin  and password - Admin@12345
15:33:56.068 [main] INFO  GoPadelTest.GoPadelTest - Verifying successful login.
15:33:56.141 [main] INFO  GoPadelPages.GoPadelLoginPage - Logging with username - admin  and password - Admin@12345
15:47:56.942 [main] INFO  GoPadelTest.GoPadelTest - Verifying successful login.
15:47:56.998 [main] INFO  GoPadelPages.GoPadelLoginPage - Logging with username - admin  and password - Admin@12345
15:52:59.065 [main] INFO  GoPadelTest.GoPadelTest - Verifying successful login.
15:52:59.135 [main] INFO  GoPadelPages.GoPadelLoginPage - Logging with username - admin  and password - Admin@12345
15:58:58.895 [main] INFO  GoPadelTest.GoPadelTest - Verifying successful login.
15:58:58.963 [main] INFO  GoPadelPages.GoPadelLoginPage - Logging with username - admin  and password - Admin@12345
16:22:54.647 [main] INFO  GoPadelTest.GoPadelTest - Verifying successful login.
16:22:54.704 [main] INFO  GoPadelPages.GoPadelLoginPage - Logging with username - admin  and password - Admin@12345
16:25:04.860 [main] INFO  GoPadelTest.GoPadelTest - Verifying successful login.
16:25:04.929 [main] INFO  GoPadelPages.GoPadelLoginPage - Logging with username - admin  and password - Admin@12345
16:27:57.175 [main] INFO  GoPadelTest.GoPadelTest - Verifying successful login.
16:27:57.237 [main] INFO  GoPadelPages.GoPadelLoginPage - Logging with username - admin  and password - Admin@12345
16:28:53.919 [main] INFO  GoPadelTest.GoPadelTest - Verifying successful login.
16:28:54.015 [main] INFO  GoPadelPages.GoPadelLoginPage - Logging with username - admin  and password - Admin@12345
16:34:04.118 [main] INFO  GoPadelTest.GoPadelTest - Verifying successful login.
16:34:04.165 [main] INFO  GoPadelPages.GoPadelLoginPage - Logging with username - admin  and password - Admin@12345
16:37:31.020 [main] INFO  GoPadelTest.GoPadelTest - Verifying successful login.
16:37:31.099 [main] INFO  GoPadelPages.GoPadelLoginPage - Logging with username - admin  and password - Admin@12345
09:44:11.611 [main] INFO  GoPadelTest.GoPadelTest - Verifying successful login.
09:44:11.820 [main] INFO  GoPadelPages.GoPadelLoginPage - Logging with username - admin  and password - Admin@12345
09:57:55.519 [main] INFO  GoPadelTest.GoPadelTest - Verifying successful login.
09:57:55.657 [main] INFO  GoPadelPages.GoPadelLoginPage - Logging with username - admin  and password - Admin@12345
10:02:36.695 [main] INFO  GoPadelTest.GoPadelTest - Verifying successful login.
10:02:36.779 [main] INFO  GoPadelPages.GoPadelLoginPage - Logging with username - admin  and password - Admin@12345
10:06:12.798 [main] INFO  GoPadelTest.GoPadelTest - Verifying successful login.
10:06:12.918 [main] INFO  GoPadelPages.GoPadelLoginPage - Logging with username - admin  and password - Admin@12345
10:11:34.552 [main] INFO  GoPadelTest.GoPadelTest - Verifying successful login.
10:11:34.600 [main] INFO  GoPadelPages.GoPadelLoginPage - Logging with username - admin  and password - Admin@12345
10:13:32.246 [main] INFO  GoPadelTest.GoPadelTest - Verifying successful login.
10:13:32.390 [main] INFO  GoPadelPages.GoPadelLoginPage - Logging with username - admin  and password - Admin@12345
10:21:53.598 [main] INFO  GoPadelTest.GoPadelTest - Verifying successful login.
10:21:53.645 [main] INFO  GoPadelPages.GoPadelLoginPage - Logging with username - admin  and password - Admin@12345
10:40:26.347 [main] INFO  GoPadelTest.GoPadelTest - Verifying successful login.
10:40:26.491 [main] INFO  GoPadelPages.GoPadelLoginPage - Logging with username - admin  and password - Admin@12345
12:49:05.058 [main] INFO  GoPadelTest.GoPadelTest - Verifying successful login.
12:49:05.119 [main] INFO  GoPadelPages.GoPadelLoginPage - Logging with username - admin  and password - Admin@12345
12:52:07.688 [main] INFO  GoPadelTest.GoPadelTest - Verifying successful login.
12:52:07.742 [main] INFO  GoPadelPages.GoPadelLoginPage - Logging with username - admin  and password - Admin@12345
12:52:49.396 [main] INFO  GoPadelTest.GoPadelTest - Verifying successful login.
12:52:49.433 [main] INFO  GoPadelPages.GoPadelLoginPage - Logging with username - admin  and password - Admin@12345
12:54:03.697 [main] INFO  GoPadelTest.GoPadelTest - Verifying successful login.
12:54:03.753 [main] INFO  GoPadelPages.GoPadelLoginPage - Logging with username - admin  and password - Admin@12345
12:57:32.806 [main] INFO  GoPadelTest.GoPadelTest - Verifying successful login.
12:57:32.861 [main] INFO  GoPadelPages.GoPadelLoginPage - Logging with username - admin  and password - Admin@12345
12:59:05.399 [main] INFO  GoPadelTest.GoPadelTest - Verifying successful login.
12:59:05.453 [main] INFO  GoPadelPages.GoPadelLoginPage - Logging with username - admin  and password - Admin@12345
13:00:36.294 [main] INFO  GoPadelTest.GoPadelTest - Verifying successful login.
13:00:36.362 [main] INFO  GoPadelPages.GoPadelLoginPage - Logging with username - admin  and password - Admin@12345
13:01:55.295 [main] INFO  GoPadelTest.GoPadelTest - Verifying successful login.
13:01:55.375 [main] INFO  GoPadelPages.GoPadelLoginPage - Logging with username - admin  and password - Admin@12345
13:04:47.737 [main] INFO  GoPadelTest.GoPadelTest - Verifying successful login.
13:04:47.780 [main] INFO  GoPadelPages.GoPadelLoginPage - Logging with username - admin  and password - Admin@12345
13:05:45.792 [main] INFO  GoPadelTest.GoPadelTest - Verifying successful login.
13:05:45.874 [main] INFO  GoPadelPages.GoPadelLoginPage - Logging with username - admin  and password - Admin@12345
13:06:14.107 [main] INFO  GoPadelTest.GoPadelTest - Verifying successful login.
13:06:14.176 [main] INFO  GoPadelPages.GoPadelLoginPage - Logging with username - admin  and password - Admin@12345
13:09:58.279 [main] INFO  GoPadelTest.GoPadelTest - Verifying successful login.
13:09:58.331 [main] INFO  GoPadelPages.GoPadelLoginPage - Logging with username - admin  and password - Admin@12345
13:13:04.037 [main] INFO  GoPadelTest.GoPadelTest - Verifying successful login.
13:13:04.164 [main] INFO  GoPadelPages.GoPadelLoginPage - Logging with username - admin  and password - Admin@12345
13:15:44.713 [main] INFO  GoPadelTest.GoPadelTest - Verifying successful login.
13:15:44.766 [main] INFO  GoPadelPages.GoPadelLoginPage - Logging with username - admin  and password - Admin@12345
14:07:44.549 [main] INFO  GoPadelTest.GoPadelTest - Verifying successful login.
14:07:44.590 [main] INFO  GoPadelPages.GoPadelLoginPage - Logging with username - admin  and password - Admin@12345
14:09:13.956 [main] INFO  GoPadelTest.GoPadelTest - Verifying successful login.
14:09:14.011 [main] INFO  GoPadelPages.GoPadelLoginPage - Logging with username - admin  and password - Admin@12345
14:16:02.175 [main] INFO  GoPadelTest.GoPadelTest - Verifying successful login.
14:16:02.249 [main] INFO  GoPadelPages.GoPadelLoginPage - Logging with username - admin  and password - Admin@12345
14:19:22.377 [main] INFO  GoPadelTest.GoPadelTest - Verifying successful login.
14:19:22.404 [main] INFO  GoPadelPages.GoPadelLoginPage - Logging with username - admin  and password - Admin@12345
14:21:26.580 [main] INFO  GoPadelTest.GoPadelTest - Verifying successful login.
14:21:26.725 [main] INFO  GoPadelPages.GoPadelLoginPage - Logging with username - admin  and password - Admin@12345
14:29:48.360 [main] INFO  GoPadelTest.GoPadelTest - Verifying successful login.
14:29:48.415 [main] INFO  GoPadelPages.GoPadelLoginPage - Logging with username - admin  and password - Admin@12345
14:34:36.595 [main] INFO  GoPadelTest.GoPadelTest - Verifying successful login.
14:34:36.653 [main] INFO  GoPadelPages.GoPadelLoginPage - Logging with username - admin  and password - Admin@12345
14:37:15.251 [main] INFO  GoPadelTest.GoPadelTest - Verifying successful login.
14:37:15.293 [main] INFO  GoPadelPages.GoPadelLoginPage - Logging with username - admin  and password - Admin@12345
14:38:23.634 [main] INFO  GoPadelTest.GoPadelTest - Verifying successful login.
14:38:23.676 [main] INFO  GoPadelPages.GoPadelLoginPage - Logging with username - admin  and password - Admin@12345
15:00:54.213 [main] INFO  GoPadelTest.GoPadelTest - Verifying successful login.
15:00:54.267 [main] INFO  GoPadelPages.GoPadelLoginPage - Logging with username - admin  and password - Admin@12345
16:40:30.749 [main] INFO  GoPadelTest.GoPadelTest - Verifying successful login.
16:40:30.809 [main] INFO  GoPadelPages.GoPadelLoginPage - Logging with username - admin  and password - Admin@12345
16:42:39.730 [main] INFO  GoPadelTest.GoPadelTest - Verifying successful login.
16:42:39.791 [main] INFO  GoPadelPages.GoPadelLoginPage - Logging with username - admin  and password - Admin@12345
16:58:40.034 [main] INFO  GoPadelTest.GoPadelTest - Verifying successful login.
16:58:40.072 [main] INFO  GoPadelPages.GoPadelLoginPage - Logging with username - admin  and password - Admin@12345
16:59:12.749 [main] INFO  GoPadelTest.GoPadelTest - Verifying successful login.
16:59:12.839 [main] INFO  GoPadelPages.GoPadelLoginPage - Logging with username - admin  and password - Admin@12345
17:01:56.627 [main] INFO  GoPadelTest.GoPadelTest - Verifying successful login.
17:01:56.684 [main] INFO  GoPadelPages.GoPadelLoginPage - Logging with username - admin  and password - Admin@12345
17:04:48.666 [main] INFO  GoPadelTest.GoPadelTest - Verifying successful login.
17:04:48.715 [main] INFO  GoPadelPages.GoPadelLoginPage - Logging with username - admin  and password - Admin@12345
17:31:48.502 [main] INFO  GoPadelTest.GoPadelTest - Verifying successful login.
17:31:48.593 [main] INFO  GoPadelPages.GoPadelLoginPage - Logging with username - admin  and password - Admin@12345
17:37:39.118 [main] INFO  GoPadelTest.GoPadelTest - Verifying successful login.
17:37:39.193 [main] INFO  GoPadelPages.GoPadelLoginPage - Logging with username - admin  and password - Admin@12345
17:40:21.894 [main] INFO  GoPadelTest.GoPadelTest - Verifying successful login.
17:40:21.949 [main] INFO  GoPadelPages.GoPadelLoginPage - Logging with username - admin  and password - Admin@12345
17:44:49.808 [main] INFO  GoPadelTest.GoPadelTest - Verifying successful login.
17:44:49.889 [main] INFO  GoPadelPages.GoPadelLoginPage - Logging with username - admin  and password - Admin@12345
09:23:03.003 [main] INFO  GoPadelTest.GoPadelTest - Verifying successful login.
09:23:03.061 [main] INFO  GoPadelPages.GoPadelLoginPage - Logging with username - admin  and password - Admin@12345
09:51:22.518 [main] INFO  GoPadelTest.GoPadelTest - Verifying successful login.
09:51:22.558 [main] INFO  GoPadelPages.GoPadelLoginPage - Logging with username - admin  and password - Admin@12345
09:52:58.281 [main] INFO  GoPadelTest.GoPadelTest - Verifying successful login.
09:52:58.342 [main] INFO  GoPadelPages.GoPadelLoginPage - Logging with username - admin  and password - Admin@12345
10:06:45.304 [main] INFO  GoPadelTest.GoPadelTest - Verifying successful login.
10:06:45.423 [main] INFO  GoPadelPages.GoPadelLoginPage - Logging with username - admin  and password - Admin@12345
10:10:37.104 [main] INFO  GoPadelTest.GoPadelTest - Verifying successful login.
10:10:37.170 [main] INFO  GoPadelPages.GoPadelLoginPage - Logging with username - admin  and password - Admin@12345
10:12:08.836 [main] INFO  GoPadelTest.GoPadelTest - Verifying successful login.
10:12:08.888 [main] INFO  GoPadelPages.GoPadelLoginPage - Logging with username - admin  and password - Admin@12345
10:16:44.645 [main] INFO  GoPadelTest.GoPadelTest - Verifying successful login.
10:16:44.694 [main] INFO  GoPadelPages.GoPadelLoginPage - Logging with username - admin  and password - Admin@12345
10:27:15.644 [main] INFO  GoPadelTest.GoPadelTest - Verifying successful login.
10:27:15.736 [main] INFO  GoPadelPages.GoPadelLoginPage - Logging with username - admin  and password - Admin@12345
10:28:01.863 [main] INFO  GoPadelTest.GoPadelTest - Verifying successful login.
10:28:02.000 [main] INFO  GoPadelPages.GoPadelLoginPage - Logging with username - admin  and password - Admin@12345
10:31:10.966 [main] INFO  GoPadelTest.GoPadelTest - Verifying successful login.
10:31:11.087 [main] INFO  GoPadelPages.GoPadelLoginPage - Logging with username - admin  and password - Admin@12345
10:33:08.450 [main] INFO  GoPadelTest.GoPadelTest - Verifying successful login.
10:33:08.488 [main] INFO  GoPadelPages.GoPadelLoginPage - Logging with username - admin  and password - Admin@12345
12:01:20.107 [main] INFO  GoPadelTest.GoPadelTest - Verifying successful login.
12:01:20.170 [main] INFO  GoPadelPages.GoPadelLoginPage - Logging with username - admin  and password - Admin@12345
12:04:32.129 [main] INFO  GoPadelTest.GoPadelTest - Verifying successful login.
12:04:32.241 [main] INFO  GoPadelPages.GoPadelLoginPage - Logging with username - admin  and password - Admin@12345
12:05:52.279 [main] INFO  GoPadelTest.GoPadelTest - Verifying successful login.
12:05:52.321 [main] INFO  GoPadelPages.GoPadelLoginPage - Logging with username - admin  and password - Admin@12345
12:09:11.346 [main] INFO  GoPadelTest.GoPadelTest - Verifying successful login.
12:09:11.423 [main] INFO  GoPadelPages.GoPadelLoginPage - Logging with username - admin  and password - Admin@12345
09:45:38.552 [main] INFO  GoPadelTest.GoPadelTest - Verifying successful login.
09:45:38.587 [main] INFO  GoPadelPages.GoPadelLoginPage - Logging with username - admin  and password - Admin@12345
09:48:06.209 [main] INFO  GoPadelTest.GoPadelTest - Verifying successful login.
09:48:06.245 [main] INFO  GoPadelPages.GoPadelLoginPage - Logging with username - admin  and password - Admin@12345
09:55:10.381 [main] INFO  GoPadelTest.GoPadelTest - Verifying successful login.
09:55:10.441 [main] INFO  GoPadelPages.GoPadelLoginPage - Logging with username - admin  and password - Admin@12345
09:57:07.727 [main] INFO  GoPadelTest.GoPadelTest - Verifying successful login.
09:57:07.765 [main] INFO  GoPadelPages.GoPadelLoginPage - Logging with username - admin  and password - Admin@12345
09:58:27.567 [main] INFO  GoPadelTest.GoPadelTest - Verifying successful login.
09:58:27.642 [main] INFO  GoPadelPages.GoPadelLoginPage - Logging with username - admin  and password - Admin@12345
10:00:13.669 [main] INFO  GoPadelTest.GoPadelTest - Verifying successful login.
10:00:13.723 [main] INFO  GoPadelPages.GoPadelLoginPage - Logging with username - admin  and password - Admin@12345
10:00:56.592 [main] INFO  GoPadelTest.GoPadelTest - Verifying successful login.
10:00:56.647 [main] INFO  GoPadelPages.GoPadelLoginPage - Logging with username - admin  and password - Admin@12345
19:26:42.274 [main] INFO  GoPadelTest.GoPadelTest - Verifying successful login.
19:26:42.710 [main] INFO  GoPadelTest.GoPadelTest -  expectedSignLabel-Log in and actualSignLabel - Log in
19:27:13.896 [main] INFO  GoPadelTest.GoPadelTest - Verifying successful login.
19:27:13.899 [main] INFO  GoPadelPages.GoPadelLoginPage - Logging with username - admin  and password - Admin@12345
19:42:19.764 [main] INFO  GoPadelTest.GoPadelTest - Verifying successful login.
19:42:20.362 [main] INFO  GoPadelTest.GoPadelTest -  expectedSignLabel-Log in and actualSignLabel - Log in
19:42:52.466 [main] INFO  GoPadelTest.GoPadelTest - Verifying successful login.
19:42:52.470 [main] INFO  GoPadelPages.GoPadelLoginPage - Logging with username - admin  and password - Admin@12345
10:10:52.955 [main] INFO  GoPadelTest.GoPadelTest - Verifying successful login.
10:10:53.171 [main] INFO  GoPadelTest.GoPadelTest -  expectedSignLabel-Log in and actualSignLabel - Log in
10:11:09.216 [main] INFO  GoPadelTest.GoPadelTest - Verifying successful login.
10:11:09.217 [main] INFO  GoPadelPages.GoPadelLoginPage - Logging with username - admin  and password - Admin@12345
10:14:05.020 [main] INFO  GoPadelTest.GoPadelTest - Verifying successful login.
10:14:05.255 [main] INFO  GoPadelTest.GoPadelTest -  expectedSignLabel-Log in and actualSignLabel - Log in
10:14:19.331 [main] INFO  GoPadelTest.GoPadelTest - Verifying successful login.
10:14:19.333 [main] INFO  GoPadelPages.GoPadelLoginPage - Logging with username - admin  and password - Admin@12345
10:24:58.624 [main] INFO  GoPadelTest.GoPadelTest - Verifying successful login.
10:24:58.939 [main] INFO  GoPadelTest.GoPadelTest -  expectedSignLabel-Log in and actualSignLabel - Log in
10:25:17.198 [main] INFO  GoPadelTest.GoPadelTest - Verifying successful login.
10:25:17.203 [main] INFO  GoPadelPages.GoPadelLoginPage - Logging with username - admin  and password - Admin@12345
10:27:58.579 [main] INFO  GoPadelTest.GoPadelTest - Verifying successful login.
10:27:58.815 [main] INFO  GoPadelTest.GoPadelTest -  expectedSignLabel-Log in and actualSignLabel - Log in
10:28:19.722 [main] INFO  GoPadelTest.GoPadelTest - Verifying successful login.
10:28:19.724 [main] INFO  GoPadelPages.GoPadelLoginPage - Logging with username - admin  and password - Admin@12345
10:35:56.414 [main] INFO  GoPadelTest.GoPadelTest - Verifying successful login.
10:35:56.600 [main] INFO  GoPadelTest.GoPadelTest -  expectedSignLabel-Log in and actualSignLabel - Log in
10:36:10.335 [main] INFO  GoPadelTest.GoPadelTest - Verifying successful login.
10:36:10.337 [main] INFO  GoPadelPages.GoPadelLoginPage - Logging with username - admin  and password - Admin@12345
11:19:42.919 [main] INFO  GoPadelTest.GoPadelTest - Verifying successful login.
11:19:43.296 [main] INFO  GoPadelTest.GoPadelTest -  expectedSignLabel-Log in and actualSignLabel - Log in
11:19:56.744 [main] INFO  GoPadelTest.GoPadelTest - Verifying successful login.
11:19:56.746 [main] INFO  GoPadelPages.GoPadelLoginPage - Logging with username - admin  and password - Admin@12345
11:36:48.591 [main] INFO  GoPadelTest.GoPadelTest - Verifying successful login.
11:36:48.706 [main] INFO  GoPadelTest.GoPadelTest -  expectedSignLabel-Log in and actualSignLabel - Log in
11:37:07.915 [main] INFO  GoPadelTest.GoPadelTest - Verifying successful login.
11:37:07.917 [main] INFO  GoPadelPages.GoPadelLoginPage - Logging with username - admin  and password - Admin@12345
15:13:31.880 [main] INFO  GoPadelTest.GoPadelTest - Verifying successful login.
15:13:32.019 [main] INFO  GoPadelPages.GoPadelLoginPage - Logging with username - admin  and password - Admin@12345
15:15:34.062 [main] INFO  GoPadelTest.GoPadelTest - Verifying successful login.
15:15:34.126 [main] INFO  GoPadelPages.GoPadelLoginPage - Logging with username - admin  and password - Admin@12345
15:45:10.251 [main] INFO  GoPadelTest.GoPadelTest - Verifying successful login.
15:45:10.349 [main] INFO  GoPadelPages.GoPadelLoginPage - Logging with username - admin  and password - Admin@12345
16:00:55.349 [main] INFO  GoPadelTest.GoPadelTest - Verifying successful login.
16:00:55.413 [main] INFO  GoPadelPages.GoPadelLoginPage - Logging with username - admin  and password - Admin@12345
16:09:35.246 [main] INFO  GoPadelTest.GoPadelTest - Verifying successful login.
16:09:35.619 [main] INFO  GoPadelPages.GoPadelLoginPage - Logging with username - admin  and password - Admin@12345
16:17:22.436 [main] INFO  GoPadelTest.GoPadelTest - Verifying successful login.
16:17:22.606 [main] INFO  GoPadelPages.GoPadelLoginPage - Logging with username - admin  and password - Admin@12345
16:19:33.075 [main] INFO  GoPadelTest.GoPadelTest - Verifying successful login.
16:19:33.339 [main] INFO  GoPadelPages.GoPadelLoginPage - Logging with username - admin  and password - Admin@12345
16:21:57.716 [main] INFO  GoPadelTest.GoPadelTest - Verifying successful login.
16:21:57.958 [main] INFO  GoPadelPages.GoPadelLoginPage - Logging with username - admin  and password - Admin@12345
16:48:18.600 [main] INFO  GoPadelTest.GoPadelTest - Verifying successful login.
16:48:18.699 [main] INFO  GoPadelPages.GoPadelLoginPage - Logging with username - admin  and password - Admin@12345
16:55:27.546 [main] INFO  GoPadelTest.GoPadelTest - Verifying successful login.
16:55:27.605 [main] INFO  GoPadelPages.GoPadelLoginPage - Logging with username - admin  and password - Admin@12345
16:56:16.398 [main] INFO  GoPadelTest.GoPadelTest - Verifying successful login.
16:56:16.458 [main] INFO  GoPadelPages.GoPadelLoginPage - Logging with username - admin  and password - Admin@12345
16:59:06.363 [main] INFO  GoPadelTest.GoPadelTest - Verifying successful login.
16:59:06.458 [main] INFO  GoPadelPages.GoPadelLoginPage - Logging with username - admin  and password - Admin@12345
17:02:23.058 [main] INFO  GoPadelTest.GoPadelTest - Verifying successful login.
17:02:23.141 [main] INFO  GoPadelPages.GoPadelLoginPage - Logging with username - admin  and password - Admin@12345
17:19:02.838 [main] INFO  GoPadelTest.GoPadelTest - Verifying successful login.
17:19:03.310 [main] INFO  GoPadelPages.GoPadelLoginPage - Logging with username - admin  and password - Admin@12345
11:20:10.617 [main] INFO  GoPadelTest.GoPadelTest - Verifying successful login.
11:20:10.731 [main] INFO  GoPadelPages.GoPadelLoginPage - Logging with username - admin  and password - Admin@12345
11:22:37.160 [main] INFO  GoPadelTest.GoPadelTest - Verifying successful login.
11:22:37.224 [main] INFO  GoPadelPages.GoPadelLoginPage - Logging with username - admin  and password - Admin@12345
11:45:05.004 [main] INFO  GoPadelTest.GoPadelTest - Verifying successful login.
11:45:05.063 [main] INFO  GoPadelPages.GoPadelLoginPage - Logging with username - admin  and password - Admin@12345
11:54:02.938 [main] INFO  GoPadelTest.GoPadelTest - Verifying successful login.
11:54:03.003 [main] INFO  GoPadelPages.GoPadelLoginPage - Logging with username - admin  and password - Admin@12345
11:55:04.524 [main] INFO  GoPadelTest.GoPadelTest - Verifying successful login.
11:55:04.609 [main] INFO  GoPadelPages.GoPadelLoginPage - Logging with username - admin  and password - Admin@12345
11:59:12.886 [main] INFO  GoPadelTest.GoPadelTest - Verifying successful login.
11:59:12.988 [main] INFO  GoPadelPages.GoPadelLoginPage - Logging with username - admin  and password - Admin@12345
12:13:18.471 [main] INFO  GoPadelTest.GoPadelTest - Verifying successful login.
12:13:18.537 [main] INFO  GoPadelPages.GoPadelLoginPage - Logging with username - admin  and password - Admin@12345
12:17:54.579 [main] INFO  GoPadelTest.GoPadelTest - Verifying successful login.
12:17:54.650 [main] INFO  GoPadelPages.GoPadelLoginPage - Logging with username - admin  and password - Admin@12345
12:26:56.099 [main] INFO  GoPadelTest.GoPadelTest - Verifying successful login.
12:26:56.237 [main] INFO  GoPadelPages.GoPadelLoginPage - Logging with username - admin  and password - Admin@12345
12:36:54.776 [main] INFO  GoPadelTest.GoPadelTest - Verifying successful login.
12:36:54.811 [main] INFO  GoPadelPages.GoPadelLoginPage - Logging with username - admin  and password - Admin@12345
12:38:08.748 [main] INFO  GoPadelTest.GoPadelTest - Verifying successful login.
12:38:08.811 [main] INFO  GoPadelPages.GoPadelLoginPage - Logging with username - admin  and password - Admin@12345
13:04:48.836 [main] INFO  GoPadelTest.GoPadelTest - Verifying successful login.
13:04:48.863 [main] INFO  GoPadelPages.GoPadelLoginPage - Logging with username - admin  and password - Admin@12345
14:40:33.178 [main] INFO  GoPadelTest.GoPadelTest - Verifying successful login.
14:40:33.231 [main] INFO  GoPadelPages.GoPadelLoginPage - Logging with username - admin  and password - Admin@12345
14:43:24.390 [main] INFO  GoPadelTest.GoPadelTest - Verifying successful login.
14:43:24.450 [main] INFO  GoPadelPages.GoPadelLoginPage - Logging with username - admin  and password - Admin@12345
15:08:52.642 [main] INFO  GoPadelTest.GoPadelTest - Verifying successful login.
15:08:52.717 [main] INFO  GoPadelPages.GoPadelLoginPage - Logging with username - admin  and password - Admin@12345
15:26:24.686 [main] INFO  GoPadelTest.GoPadelTest - Verifying successful login.
15:26:24.765 [main] INFO  GoPadelPages.GoPadelLoginPage - Logging with username - admin  and password - Admin@12345
15:45:06.808 [main] INFO  GoPadelTest.GoPadelTest - Verifying successful login.
15:45:06.878 [main] INFO  GoPadelPages.GoPadelLoginPage - Logging with username - admin  and password - Admin@12345
16:24:04.164 [main] INFO  GoPadelTest.GoPadelTest - Verifying successful login.
16:24:04.281 [main] INFO  GoPadelPages.GoPadelLoginPage - Logging with username - admin  and password - Admin@12345
16:25:22.091 [main] INFO  GoPadelTest.GoPadelTest - Verifying successful login.
16:25:22.248 [main] INFO  GoPadelPages.GoPadelLoginPage - Logging with username - admin  and password - Admin@12345
16:28:56.541 [main] INFO  GoPadelTest.GoPadelTest - Verifying successful login.
16:28:56.606 [main] INFO  GoPadelPages.GoPadelLoginPage - Logging with username - admin  and password - Admin@12345
16:33:25.505 [main] INFO  GoPadelTest.GoPadelTest - Verifying successful login.
16:33:25.622 [main] INFO  GoPadelPages.GoPadelLoginPage - Logging with username - admin  and password - Admin@12345
16:35:42.322 [main] INFO  GoPadelTest.GoPadelTest - Verifying successful login.
16:35:42.381 [main] INFO  GoPadelPages.GoPadelLoginPage - Logging with username - admin  and password - Admin@12345
16:36:58.036 [main] INFO  GoPadelTest.GoPadelTest - Verifying successful login.
16:36:58.099 [main] INFO  GoPadelPages.GoPadelLoginPage - Logging with username - admin  and password - Admin@12345
16:45:20.137 [main] INFO  GoPadelTest.GoPadelTest - Verifying successful login.
16:45:20.251 [main] INFO  GoPadelPages.GoPadelLoginPage - Logging with username - admin  and password - Admin@12345
16:49:36.261 [main] INFO  GoPadelTest.GoPadelTest - Verifying successful login.
16:49:36.323 [main] INFO  GoPadelPages.GoPadelLoginPage - Logging with username - admin  and password - Admin@12345
16:54:52.753 [main] INFO  GoPadelTest.GoPadelTest - Verifying successful login.
16:54:52.798 [main] INFO  GoPadelPages.GoPadelLoginPage - Logging with username - admin  and password - Admin@12345
09:49:00.980 [main] INFO  GoPadelTest.GoPadelTest - Verifying successful login.
09:49:01.037 [main] INFO  GoPadelPages.GoPadelLoginPage - Logging with username - admin  and password - Admin@12345
09:49:58.834 [main] INFO  GoPadelTest.GoPadelTest - Verifying successful login.
09:49:58.898 [main] INFO  GoPadelPages.GoPadelLoginPage - Logging with username - admin  and password - Admin@12345
10:51:41.842 [main] INFO  GoPadelTest.GoPadelTest - Verifying successful login.
10:51:41.897 [main] INFO  GoPadelPages.GoPadelLoginPage - Logging with username - admin  and password - Admin@12345
11:35:18.254 [main] INFO  GoPadelTest.GoPadelTest - Verifying successful login.
11:35:18.337 [main] INFO  GoPadelPages.GoPadelLoginPage - Logging with username - admin  and password - Admin@12345
12:20:07.395 [main] INFO  GoPadelTest.GoPadelTest - Verifying successful login.
12:20:07.454 [main] INFO  GoPadelPages.GoPadelLoginPage - Logging with username - admin  and password - Admin@12345
12:51:33.537 [main] INFO  GoPadelTest.GoPadelTest - Verifying successful login.
12:51:33.570 [main] INFO  GoPadelPages.GoPadelLoginPage - Logging with username - admin  and password - Admin@12345
12:53:19.169 [main] INFO  GoPadelTest.GoPadelTest - Verifying successful login.
12:53:19.200 [main] INFO  GoPadelPages.GoPadelLoginPage - Logging with username - admin  and password - Admin@12345
12:56:59.912 [main] INFO  GoPadelTest.GoPadelTest - Verifying successful login.
12:56:59.956 [main] INFO  GoPadelPages.GoPadelLoginPage - Logging with username - admin  and password - Admin@12345
12:58:42.239 [main] INFO  GoPadelTest.GoPadelTest - Verifying successful login.
12:58:42.268 [main] INFO  GoPadelPages.GoPadelLoginPage - Logging with username - admin  and password - Admin@12345
13:01:10.676 [main] INFO  GoPadelTest.GoPadelTest - Verifying successful login.
13:01:10.738 [main] INFO  GoPadelPages.GoPadelLoginPage - Logging with username - admin  and password - Admin@12345
13:04:15.655 [main] INFO  GoPadelTest.GoPadelTest - Verifying successful login.
13:04:15.687 [main] INFO  GoPadelPages.GoPadelLoginPage - Logging with username - admin  and password - Admin@12345
13:05:47.453 [main] INFO  GoPadelTest.GoPadelTest - Verifying successful login.
13:05:47.488 [main] INFO  GoPadelPages.GoPadelLoginPage - Logging with username - admin  and password - Admin@12345
14:49:26.178 [main] INFO  GoPadelTest.GoPadelTest - Verifying successful login.
14:49:26.226 [main] INFO  GoPadelPages.GoPadelLoginPage - Logging with username - admin  and password - Admin@12345
14:51:08.844 [main] INFO  GoPadelTest.GoPadelTest - Verifying successful login.
14:51:08.905 [main] INFO  GoPadelPages.GoPadelLoginPage - Logging with username - admin  and password - Admin@12345
14:58:53.507 [main] INFO  GoPadelTest.GoPadelTest - Verifying successful login.
14:58:53.542 [main] INFO  GoPadelPages.GoPadelLoginPage - Logging with username - admin  and password - Admin@12345
15:02:58.426 [main] INFO  GoPadelTest.GoPadelTest - Verifying successful login.
15:02:58.467 [main] INFO  GoPadelPages.GoPadelLoginPage - Logging with username - admin  and password - Admin@12345
15:04:57.723 [main] INFO  GoPadelTest.GoPadelTest - Verifying successful login.
15:04:57.764 [main] INFO  GoPadelPages.GoPadelLoginPage - Logging with username - admin  and password - Admin@12345
15:09:42.871 [main] INFO  GoPadelTest.GoPadelTest - Verifying successful login.
15:09:42.940 [main] INFO  GoPadelPages.GoPadelLoginPage - Logging with username - admin  and password - Admin@12345
15:13:38.257 [main] INFO  GoPadelTest.GoPadelTest - Verifying successful login.
15:13:38.297 [main] INFO  GoPadelPages.GoPadelLoginPage - Logging with username - admin  and password - Admin@12345
15:15:18.168 [main] INFO  GoPadelTest.GoPadelTest - Verifying successful login.
15:15:18.198 [main] INFO  GoPadelPages.GoPadelLoginPage - Logging with username - admin  and password - Admin@12345
15:20:25.614 [main] INFO  GoPadelTest.GoPadelTest - Verifying successful login.
15:20:25.672 [main] INFO  GoPadelPages.GoPadelLoginPage - Logging with username - admin  and password - Admin@12345
15:24:55.551 [main] INFO  GoPadelTest.GoPadelTest - Verifying successful login.
15:24:55.725 [main] INFO  GoPadelPages.GoPadelLoginPage - Logging with username - admin  and password - Admin@12345
15:28:15.821 [main] INFO  GoPadelTest.GoPadelTest - Verifying successful login.
15:28:15.947 [main] INFO  GoPadelPages.GoPadelLoginPage - Logging with username - admin  and password - Admin@12345
15:30:54.152 [main] INFO  GoPadelTest.GoPadelTest - Verifying successful login.
15:30:54.234 [main] INFO  GoPadelTest.GoPadelTest -  expectedSignLabel-Log in and actualSignLabel - Log in
15:31:17.876 [main] INFO  GoPadelTest.GoPadelTest - Verifying successful login.
15:31:17.878 [main] INFO  GoPadelPages.GoPadelLoginPage - Logging with username - admin  and password - Admin@12345
15:37:29.495 [main] INFO  GoPadelTest.GoPadelTest - Verifying successful login.
15:37:29.647 [main] INFO  GoPadelTest.GoPadelTest -  expectedSignLabel-Log in and actualSignLabel - Log in
15:37:46.747 [main] INFO  GoPadelTest.GoPadelTest - Verifying successful login.
15:37:46.751 [main] INFO  GoPadelPages.GoPadelLoginPage - Logging with username - admin  and password - Admin@12345
15:40:20.654 [main] INFO  GoPadelTest.GoPadelTest - Verifying successful login.
15:40:20.744 [main] INFO  GoPadelTest.GoPadelTest -  expectedSignLabel-Log in and actualSignLabel - Log in
15:40:38.675 [main] INFO  GoPadelTest.GoPadelTest - Verifying successful login.
15:40:38.677 [main] INFO  GoPadelPages.GoPadelLoginPage - Logging with username - admin  and password - Admin@12345
10:28:07.407 [main] INFO  GoPadelTest.GoPadelTest - Verifying successful login.
10:28:07.505 [main] INFO  GoPadelTest.GoPadelTest -  expectedSignLabel-Log in and actualSignLabel - Log in
10:28:47.115 [main] INFO  GoPadelTest.GoPadelTest - Verifying successful login.
10:28:47.117 [main] INFO  GoPadelPages.GoPadelLoginPage - Logging with username - admin  and password - Admin@12345
10:33:16.706 [main] INFO  GoPadelTest.GoPadelTest - Verifying successful login.
10:33:16.776 [main] INFO  GoPadelTest.GoPadelTest -  expectedSignLabel-Log in and actualSignLabel - Log in
10:33:44.737 [main] INFO  GoPadelTest.GoPadelTest - Verifying successful login.
10:33:44.738 [main] INFO  GoPadelPages.GoPadelLoginPage - Logging with username - admin  and password - Admin@12345
16:56:57.868 [main] INFO  GoPadelTest.GoPadelTest - Verifying successful login.
16:56:57.983 [main] INFO  GoPadelTest.GoPadelTest -  expectedSignLabel-Log in and actualSignLabel - Log in
16:57:16.894 [main] INFO  GoPadelTest.GoPadelTest - Verifying successful login.
16:57:16.895 [main] INFO  GoPadelPages.GoPadelLoginPage - Logging with username - admin  and password - Admin@12345
11:38:59.255 [main] INFO  GoPadelTest.GoPadelTest - Verifying successful login.
11:38:59.382 [main] INFO  GoPadelTest.GoPadelTest -  expectedSignLabel-Log in and actualSignLabel - Log in
11:39:42.407 [main] INFO  GoPadelTest.GoPadelTest - Verifying successful login.
11:39:42.408 [main] INFO  GoPadelPages.GoPadelLoginPage - Logging with username - admin  and password - Admin@12345
12:57:49.434 [main] INFO  GoPadelTest.GoPadelTest - Verifying successful login.
12:57:49.510 [main] INFO  GoPadelTest.GoPadelTest -  expectedSignLabel-Log in and actualSignLabel - Log in
12:58:06.495 [main] INFO  GoPadelTest.GoPadelTest - Verifying successful login.
12:58:06.497 [main] INFO  GoPadelPages.GoPadelLoginPage - Logging with username - admin  and password - Admin@12345
11:50:04.464 [main] INFO  GoPadelTest.GoPadelTest - Verifying successful login.
11:50:04.556 [main] INFO  GoPadelTest.GoPadelTest -  expectedSignLabel-Log in and actualSignLabel - Log in
11:50:29.851 [main] INFO  GoPadelTest.GoPadelTest - Verifying successful login.
11:50:29.853 [main] INFO  GoPadelPages.GoPadelLoginPage - Logging with username - admin  and password - Admin@12345
11:55:18.448 [main] INFO  GoPadelTest.GoPadelTest - Verifying successful login.
11:55:18.522 [main] INFO  GoPadelTest.GoPadelTest -  expectedSignLabel-Log in and actualSignLabel - Log in
11:55:40.772 [main] INFO  GoPadelTest.GoPadelTest - Verifying successful login.
11:55:40.773 [main] INFO  GoPadelPages.GoPadelLoginPage - Logging with username - admin  and password - Admin@12345
12:53:04.567 [main] INFO  GoPadelTest.GoPadelTest - Verifying successful login.
12:53:04.675 [main] INFO  GoPadelTest.GoPadelTest -  expectedSignLabel-Log in and actualSignLabel - Log in
12:53:25.444 [main] INFO  GoPadelTest.GoPadelTest - Verifying successful login.
12:53:25.445 [main] INFO  GoPadelPages.GoPadelLoginPage - Logging with username - admin  and password - Admin@12345
13:38:03.620 [main] INFO  GoPadelTest.GoPadelTest - Verifying successful login.
13:38:03.725 [main] INFO  GoPadelTest.GoPadelTest -  expectedSignLabel-Log in and actualSignLabel - Log in
13:38:40.503 [main] INFO  GoPadelTest.GoPadelTest - Verifying successful login.
13:38:40.505 [main] INFO  GoPadelPages.GoPadelLoginPage - Logging with username - admin  and password - Admin@12345
14:25:18.568 [main] INFO  GoPadelTest.GoPadelTest - Verifying successful login.
14:25:18.659 [main] INFO  GoPadelTest.GoPadelTest -  expectedSignLabel-Log in and actualSignLabel - Log in
14:25:49.277 [main] INFO  GoPadelTest.GoPadelTest - Verifying successful login.
14:25:49.279 [main] INFO  GoPadelPages.GoPadelLoginPage - Logging with username - admin  and password - Admin@12345
17:31:38.736 [main] INFO  GoPadelTest.GoPadelTest - Verifying successful login.
17:31:38.879 [main] INFO  GoPadelTest.GoPadelTest -  expectedSignLabel-Log in and actualSignLabel - Log in
17:31:58.805 [main] INFO  GoPadelTest.GoPadelTest - Verifying successful login.
17:31:58.808 [main] INFO  GoPadelPages.GoPadelLoginPage - Logging with username - admin  and password - Admin@12345
17:36:19.927 [main] INFO  GoPadelTest.GoPadelTest - Verifying successful login.
17:36:20.031 [main] INFO  GoPadelTest.GoPadelTest -  expectedSignLabel-Log in and actualSignLabel - Log in
17:36:39.942 [main] INFO  GoPadelTest.GoPadelTest - Verifying successful login.
17:36:39.943 [main] INFO  GoPadelPages.GoPadelLoginPage - Logging with username - admin  and password - Admin@12345
17:39:42.239 [main] INFO  GoPadelTest.GoPadelTest - Verifying successful login.
17:39:42.440 [main] INFO  GoPadelTest.GoPadelTest -  expectedSignLabel-Log in and actualSignLabel - Log in
17:40:02.502 [main] INFO  GoPadelTest.GoPadelTest - Verifying successful login.
17:40:02.504 [main] INFO  GoPadelPages.GoPadelLoginPage - Logging with username - admin  and password - Admin@12345
17:41:57.602 [main] INFO  GoPadelTest.GoPadelTest - Verifying successful login.
17:41:57.764 [main] INFO  GoPadelTest.GoPadelTest -  expectedSignLabel-Log in and actualSignLabel - Log in
17:42:21.645 [main] INFO  GoPadelTest.GoPadelTest - Verifying successful login.
17:42:21.648 [main] INFO  GoPadelPages.GoPadelLoginPage - Logging with username - admin  and password - Admin@12345
17:49:12.612 [main] INFO  GoPadelTest.GoPadelTest - Verifying successful login.
17:49:12.745 [main] INFO  GoPadelTest.GoPadelTest -  expectedSignLabel-Log in and actualSignLabel - Log in
17:49:29.952 [main] INFO  GoPadelTest.GoPadelTest - Verifying successful login.
17:49:29.953 [main] INFO  GoPadelPages.GoPadelLoginPage - Logging with username - admin  and password - Admin@12345
17:52:43.275 [main] INFO  GoPadelTest.GoPadelTest - Verifying successful login.
17:52:43.434 [main] INFO  GoPadelTest.GoPadelTest -  expectedSignLabel-Log in and actualSignLabel - Log in
17:53:09.357 [main] INFO  GoPadelTest.GoPadelTest - Verifying successful login.
17:53:09.359 [main] INFO  GoPadelPages.GoPadelLoginPage - Logging with username - admin  and password - Admin@12345
17:55:33.982 [main] INFO  GoPadelTest.GoPadelTest - Verifying successful login.
17:55:34.148 [main] INFO  GoPadelTest.GoPadelTest -  expectedSignLabel-Log in and actualSignLabel - Log in
17:56:00.736 [main] INFO  GoPadelTest.GoPadelTest - Verifying successful login.
17:56:00.737 [main] INFO  GoPadelPages.GoPadelLoginPage - Logging with username - admin  and password - Admin@12345
18:02:13.161 [main] INFO  GoPadelTest.GoPadelTest - Verifying successful login.
18:02:13.367 [main] INFO  GoPadelTest.GoPadelTest -  expectedSignLabel-Log in and actualSignLabel - Log in
18:02:41.888 [main] INFO  GoPadelTest.GoPadelTest - Verifying successful login.
18:02:41.891 [main] INFO  GoPadelPages.GoPadelLoginPage - Logging with username - admin  and password - Admin@12345
10:26:54.701 [main] INFO  GoPadelTest.GoPadelTest - Verifying successful login.
10:26:54.778 [main] INFO  GoPadelTest.GoPadelTest -  expectedSignLabel-Log in and actualSignLabel - Log in
10:27:12.183 [main] INFO  GoPadelTest.GoPadelTest - Verifying successful login.
10:27:12.186 [main] INFO  GoPadelPages.GoPadelLoginPage - Logging with username - admin  and password - Admin@12345
10:28:26.290 [main] INFO  GoPadelTest.GoPadelTest - Verifying successful login.
10:28:26.369 [main] INFO  GoPadelTest.GoPadelTest -  expectedSignLabel-Log in and actualSignLabel - Log in
10:28:50.335 [main] INFO  GoPadelTest.GoPadelTest - Verifying successful login.
10:28:50.336 [main] INFO  GoPadelPages.GoPadelLoginPage - Logging with username - admin  and password - Admin@12345
16:22:33.331 [main] INFO  GoPadelTest.GoPadelTest - Verifying successful login.
16:22:33.484 [main] INFO  GoPadelTest.GoPadelTest -  expectedSignLabel-Log in and actualSignLabel - Log in
16:22:53.344 [main] INFO  GoPadelTest.GoPadelTest - Verifying successful login.
16:22:53.345 [main] INFO  GoPadelPages.GoPadelLoginPage - Logging with username - admin  and password - Admin@12345
23:14:16.226 [main] INFO  GoPadelTest.GoPadelTest - Verifying successful login.
23:14:16.296 [main] INFO  GoPadelTest.GoPadelTest -  expectedSignLabel-Log in and actualSignLabel - Log in
23:15:22.134 [main] INFO  GoPadelTest.GoPadelTest - Verifying successful login.
23:15:22.135 [main] INFO  GoPadelPages.GoPadelLoginPage - Logging with username - admin  and password - Admin@12345
23:17:03.629 [main] INFO  GoPadelTest.GoPadelTest - Verifying successful login.
23:17:03.727 [main] INFO  GoPadelTest.GoPadelTest -  expectedSignLabel-Log in and actualSignLabel - Log in
23:17:45.240 [main] INFO  GoPadelTest.GoPadelTest - Verifying successful login.
23:17:45.241 [main] INFO  GoPadelPages.GoPadelLoginPage - Logging with username - admin  and password - Admin@12345
